[{"line":1,"elements":[{"line":3,"name":"","description":"","type":"background","keyword":"Background","steps":[{"result":{"duration":21106281600,"status":"passed"},"line":4,"name":"user is on login page","match":{"location":"stepDefinitions.Login.user_is_on_login_page()"},"after":[{"result":{"duration":998800,"status":"passed"},"match":{"location":"stepDefinitions.Hooks.AddScreenshot(io.cucumber.java.Scenario)"}}],"keyword":"Given "},{"result":{"duration":2359979800,"status":"passed"},"line":5,"name":"user clicks on forgot password link of login page","match":{"location":"stepDefinitions.ForgotPassword.user_clicks_on_forgot_password_link_of_login_page()"},"after":[{"result":{"duration":995000,"status":"passed"},"match":{"location":"stepDefinitions.Hooks.AddScreenshot(io.cucumber.java.Scenario)"}}],"keyword":"When "},{"result":{"duration":2024122900,"status":"passed"},"line":6,"name":"forgot password page is opened","match":{"location":"stepDefinitions.ForgotPassword.forgot_password_page_is_opened()"},"after":[{"result":{"status":"passed"},"match":{"location":"stepDefinitions.Hooks.AddScreenshot(io.cucumber.java.Scenario)"}}],"keyword":"Then "}]},{"start_timestamp":"2022-11-29T05:37:00.232Z","line":9,"name":"validate browser back button on forgot password page","description":"","id":"validate-the-forgot-password-functionality;validate-browser-back-button-on-forgot-password-page","after":[{"result":{"duration":3940051200,"status":"passed"},"match":{"location":"stepDefinitions.Hooks.AfterScenario()"}}],"type":"scenario","keyword":"Scenario","steps":[{"result":{"duration":2036739100,"status":"passed"},"line":10,"name":"user clicks on browser back button of browser","match":{"location":"stepDefinitions.ForgotPassword.user_clicks_on_browser_back_button_of_browser()"},"after":[{"result":{"status":"passed"},"match":{"location":"stepDefinitions.Hooks.AddScreenshot(io.cucumber.java.Scenario)"}}],"keyword":"Given "},{"result":{"duration":2007832000,"status":"passed"},"line":11,"name":"user navigated to login page","match":{"location":"stepDefinitions.ForgotPassword.user_navigated_to_login_page()"},"after":[{"result":{"status":"passed"},"match":{"location":"stepDefinitions.Hooks.AddScreenshot(io.cucumber.java.Scenario)"}}],"keyword":"Then "}]},{"line":3,"name":"","description":"","type":"background","keyword":"Background","steps":[{"result":{"duration":6082930700,"status":"passed"},"line":4,"name":"user is on login page","match":{"location":"stepDefinitions.Login.user_is_on_login_page()"},"after":[{"result":{"status":"passed"},"match":{"location":"stepDefinitions.Hooks.AddScreenshot(io.cucumber.java.Scenario)"}}],"keyword":"Given "},{"result":{"duration":2106776100,"status":"passed"},"line":5,"name":"user clicks on forgot password link of login page","match":{"location":"stepDefinitions.ForgotPassword.user_clicks_on_forgot_password_link_of_login_page()"},"after":[{"result":{"duration":1010800,"status":"passed"},"match":{"location":"stepDefinitions.Hooks.AddScreenshot(io.cucumber.java.Scenario)"}}],"keyword":"When "},{"result":{"duration":2005452200,"status":"passed"},"line":6,"name":"forgot password page is opened","match":{"location":"stepDefinitions.ForgotPassword.forgot_password_page_is_opened()"},"after":[{"result":{"status":"passed"},"match":{"location":"stepDefinitions.Hooks.AddScreenshot(io.cucumber.java.Scenario)"}}],"keyword":"Then "}]},{"start_timestamp":"2022-11-29T05:37:34.090Z","line":14,"name":"Validate if user enters unauthorized email and clicks on Get Password Reset Link button","description":"            error message should be displayed","id":"validate-the-forgot-password-functionality;validate-if-user-enters-unauthorized-email-and-clicks-on-get-password-reset-link-button","after":[{"result":{"duration":3147396300,"status":"passed"},"match":{"location":"stepDefinitions.Hooks.AfterScenario()"}}],"type":"scenario","keyword":"Scenario","steps":[{"result":{"duration":409196500,"status":"passed"},"line":17,"name":"user enters unauthorized \"ledeyi1355@adroh.com\" email ID","match":{"arguments":[{"val":"ledeyi1355@adroh.com","offset":26}],"location":"stepDefinitions.ForgotPassword.user_enters_unauthorized_something_email_id(java.lang.String)"},"after":[{"result":{"status":"passed"},"match":{"location":"stepDefinitions.Hooks.AddScreenshot(io.cucumber.java.Scenario)"}}],"keyword":"Given "},{"result":{"duration":67483700,"status":"passed"},"line":18,"name":"user clicks on Get Password Reset Link button","match":{"location":"stepDefinitions.ForgotPassword.user_clicks_on_get_password_reset_link_button()"},"after":[{"result":{"status":"passed"},"match":{"location":"stepDefinitions.Hooks.AddScreenshot(io.cucumber.java.Scenario)"}}],"keyword":"And "},{"result":{"error_message":"org.openqa.selenium.NoSuchElementException: Unable to find element with locator By.xpath: //div[contains(text(),'Please enter a valid email address to get a passwo')]\nFor documentation on this error, please visit: https://selenium.dev/exceptions/#no_such_element\nBuild info: version: '4.4.0', revision: 'e5c75ed026a'\nSystem info: host: 'DESKTOP-DTU3KAA', ip: '192.168.1.4', os.name: 'Windows 11', os.arch: 'amd64', os.version: '10.0', java.version: '17.0.2'\nDriver info: driver.version: RemoteWebDriver\r\n\tat org.openqa.selenium.remote.ElementLocation$ElementFinder$2.findElement(ElementLocation.java:165)\r\n\tat org.openqa.selenium.remote.ElementLocation.findElement(ElementLocation.java:60)\r\n\tat org.openqa.selenium.remote.RemoteWebDriver.findElement(RemoteWebDriver.java:365)\r\n\tat org.openqa.selenium.remote.RemoteWebDriver.findElement(RemoteWebDriver.java:357)\r\n\tat pageObjects.ForgotPasswordpage.getErrorUnauthorizedEmail(ForgotPasswordpage.java:72)\r\n\tat stepDefinitions.ForgotPassword.error_message_should_be_displayed_correctly_for_unauthorized_email(ForgotPassword.java:58)\r\n\tat ✽.error message should be displayed correctly for unauthorized email(file:///C:/Users/vasudha/Documents/Work/Memorres/clinimise/src/test/java/features/ForgotPassword.feature:19)\r\n","duration":26478038700,"status":"failed"},"line":19,"name":"error message should be displayed correctly for unauthorized email","match":{"location":"stepDefinitions.ForgotPassword.error_message_should_be_displayed_correctly_for_unauthorized_email()"},"after":[{"result":{"error_message":"org.openqa.selenium.NoSuchWindowException: no such window: target window already closed\nfrom unknown error: web view not found\n  (Session info: chrome=107.0.5304.108)\nBuild info: version: '4.4.0', revision: 'e5c75ed026a'\nSystem info: host: 'DESKTOP-DTU3KAA', ip: '192.168.1.4', os.name: 'Windows 11', os.arch: 'amd64', os.version: '10.0', java.version: '17.0.2'\nDriver info: org.openqa.selenium.chrome.ChromeDriver\nCommand: [31a19155919bfef6087eba236d668247, screenshot {}]\nCapabilities {acceptInsecureCerts: false, browserName: chrome, browserVersion: 107.0.5304.108, chrome: {chromedriverVersion: 107.0.5304.62 (1eec40d3a576..., userDataDir: C:\\Users\\vasudha\\AppData\\Lo...}, goog:chromeOptions: {debuggerAddress: localhost:55365}, networkConnectionEnabled: false, pageLoadStrategy: normal, platformName: WINDOWS, proxy: Proxy(), se:cdp: ws://localhost:55365/devtoo..., se:cdpVersion: 107.0.5304.108, setWindowRect: true, strictFileInteractability: false, timeouts: {implicit: 0, pageLoad: 300000, script: 30000}, unhandledPromptBehavior: dismiss and notify, webauthn:extension:credBlob: true, webauthn:extension:largeBlob: true, webauthn:virtualAuthenticators: true}\nSession ID: 31a19155919bfef6087eba236d668247\r\n\tat java.base/jdk.internal.reflect.NativeConstructorAccessorImpl.newInstance0(Native Method)\r\n\tat java.base/jdk.internal.reflect.NativeConstructorAccessorImpl.newInstance(NativeConstructorAccessorImpl.java:77)\r\n\tat java.base/jdk.internal.reflect.DelegatingConstructorAccessorImpl.newInstance(DelegatingConstructorAccessorImpl.java:45)\r\n\tat java.base/java.lang.reflect.Constructor.newInstanceWithCaller(Constructor.java:499)\r\n\tat java.base/java.lang.reflect.Constructor.newInstance(Constructor.java:480)\r\n\tat org.openqa.selenium.remote.codec.w3c.W3CHttpResponseCodec.createException(W3CHttpResponseCodec.java:200)\r\n\tat org.openqa.selenium.remote.codec.w3c.W3CHttpResponseCodec.decode(W3CHttpResponseCodec.java:133)\r\n\tat org.openqa.selenium.remote.codec.w3c.W3CHttpResponseCodec.decode(W3CHttpResponseCodec.java:53)\r\n\tat org.openqa.selenium.remote.HttpCommandExecutor.execute(HttpCommandExecutor.java:184)\r\n\tat org.openqa.selenium.remote.service.DriverCommandExecutor.invokeExecute(DriverCommandExecutor.java:167)\r\n\tat org.openqa.selenium.remote.service.DriverCommandExecutor.execute(DriverCommandExecutor.java:142)\r\n\tat org.openqa.selenium.remote.RemoteWebDriver.execute(RemoteWebDriver.java:547)\r\n\tat org.openqa.selenium.remote.RemoteWebDriver.execute(RemoteWebDriver.java:602)\r\n\tat org.openqa.selenium.remote.RemoteWebDriver.execute(RemoteWebDriver.java:606)\r\n\tat org.openqa.selenium.remote.RemoteWebDriver.getScreenshotAs(RemoteWebDriver.java:331)\r\n\tat stepDefinitions.Hooks.AddScreenshot(Hooks.java:42)\r\n","duration":56377200,"status":"failed"},"match":{"location":"stepDefinitions.Hooks.AddScreenshot(io.cucumber.java.Scenario)"}}],"keyword":"Then "}]},{"line":3,"name":"","description":"","type":"background","keyword":"Background","steps":[{"result":{"duration":7059967600,"status":"passed"},"line":4,"name":"user is on login page","match":{"location":"stepDefinitions.Login.user_is_on_login_page()"},"after":[{"result":{"status":"passed"},"match":{"location":"stepDefinitions.Hooks.AddScreenshot(io.cucumber.java.Scenario)"}}],"keyword":"Given "},{"result":{"duration":2100300700,"status":"passed"},"line":5,"name":"user clicks on forgot password link of login page","match":{"location":"stepDefinitions.ForgotPassword.user_clicks_on_forgot_password_link_of_login_page()"},"after":[{"result":{"duration":1509500,"status":"passed"},"match":{"location":"stepDefinitions.Hooks.AddScreenshot(io.cucumber.java.Scenario)"}}],"keyword":"When "},{"result":{"duration":2019202000,"status":"passed"},"line":6,"name":"forgot password page is opened","match":{"location":"stepDefinitions.ForgotPassword.forgot_password_page_is_opened()"},"after":[{"result":{"duration":995400,"status":"passed"},"match":{"location":"stepDefinitions.Hooks.AddScreenshot(io.cucumber.java.Scenario)"}}],"keyword":"Then "}]},{"start_timestamp":"2022-11-29T05:38:14.565Z","line":68,"name":"Validate placeholder text, headings and text on buttons of forgot password page","description":"","id":"validate-the-forgot-password-functionality;validate-placeholder-text--headings-and-text-on-buttons-of-forgot-password-page","after":[{"result":{"duration":3132175500,"status":"passed"},"match":{"location":"stepDefinitions.Hooks.AfterScenario()"}}],"type":"scenario","keyword":"Scenario","steps":[{"result":{"duration":2007620500,"status":"passed"},"line":69,"name":"forgot password page is opened","match":{"location":"stepDefinitions.ForgotPassword.forgot_password_page_is_opened()"},"after":[{"result":{"status":"passed"},"match":{"location":"stepDefinitions.Hooks.AddScreenshot(io.cucumber.java.Scenario)"}}],"keyword":"When "},{"result":{"error_message":"org.openqa.selenium.NoSuchElementException: Unable to find element with locator By.xpath: //div//h6\nFor documentation on this error, please visit: https://selenium.dev/exceptions/#no_such_element\nBuild info: version: '4.4.0', revision: 'e5c75ed026a'\nSystem info: host: 'DESKTOP-DTU3KAA', ip: '192.168.1.4', os.name: 'Windows 11', os.arch: 'amd64', os.version: '10.0', java.version: '17.0.2'\nDriver info: driver.version: RemoteWebDriver\r\n\tat org.openqa.selenium.remote.ElementLocation$ElementFinder$2.findElement(ElementLocation.java:165)\r\n\tat org.openqa.selenium.remote.ElementLocation.findElement(ElementLocation.java:60)\r\n\tat org.openqa.selenium.remote.RemoteWebDriver.findElement(RemoteWebDriver.java:365)\r\n\tat org.openqa.selenium.remote.RemoteWebDriver.findElement(RemoteWebDriver.java:357)\r\n\tat pageObjects.ForgotPasswordpage.validateHeadingsTextPlaceholder(ForgotPasswordpage.java:113)\r\n\tat stepDefinitions.ForgotPassword.validate_placeholder_text_headings_and_text_on_buttons_of_forgot_password_page(ForgotPassword.java:125)\r\n\tat ✽.Validate placeholder text, headings and text on buttons of forgot password page(file:///C:/Users/vasudha/Documents/Work/Memorres/clinimise/src/test/java/features/ForgotPassword.feature:70)\r\n","duration":44188743200,"status":"failed"},"line":70,"name":"Validate placeholder text, headings and text on buttons of forgot password page","match":{"location":"stepDefinitions.ForgotPassword.validate_placeholder_text_headings_and_text_on_buttons_of_forgot_password_page()"},"after":[{"result":{"error_message":"org.openqa.selenium.NoSuchWindowException: no such window: target window already closed\nfrom unknown error: web view not found\n  (Session info: chrome=107.0.5304.108)\nBuild info: version: '4.4.0', revision: 'e5c75ed026a'\nSystem info: host: 'DESKTOP-DTU3KAA', ip: '192.168.1.4', os.name: 'Windows 11', os.arch: 'amd64', os.version: '10.0', java.version: '17.0.2'\nDriver info: org.openqa.selenium.chrome.ChromeDriver\nCommand: [847674b57c974080d43d65bd46440759, screenshot {}]\nCapabilities {acceptInsecureCerts: false, browserName: chrome, browserVersion: 107.0.5304.108, chrome: {chromedriverVersion: 107.0.5304.62 (1eec40d3a576..., userDataDir: C:\\Users\\vasudha\\AppData\\Lo...}, goog:chromeOptions: {debuggerAddress: localhost:55393}, networkConnectionEnabled: false, pageLoadStrategy: normal, platformName: WINDOWS, proxy: Proxy(), se:cdp: ws://localhost:55393/devtoo..., se:cdpVersion: 107.0.5304.108, setWindowRect: true, strictFileInteractability: false, timeouts: {implicit: 0, pageLoad: 300000, script: 30000}, unhandledPromptBehavior: dismiss and notify, webauthn:extension:credBlob: true, webauthn:extension:largeBlob: true, webauthn:virtualAuthenticators: true}\nSession ID: 847674b57c974080d43d65bd46440759\r\n\tat java.base/jdk.internal.reflect.NativeConstructorAccessorImpl.newInstance0(Native Method)\r\n\tat java.base/jdk.internal.reflect.NativeConstructorAccessorImpl.newInstance(NativeConstructorAccessorImpl.java:77)\r\n\tat java.base/jdk.internal.reflect.DelegatingConstructorAccessorImpl.newInstance(DelegatingConstructorAccessorImpl.java:45)\r\n\tat java.base/java.lang.reflect.Constructor.newInstanceWithCaller(Constructor.java:499)\r\n\tat java.base/java.lang.reflect.Constructor.newInstance(Constructor.java:480)\r\n\tat org.openqa.selenium.remote.codec.w3c.W3CHttpResponseCodec.createException(W3CHttpResponseCodec.java:200)\r\n\tat org.openqa.selenium.remote.codec.w3c.W3CHttpResponseCodec.decode(W3CHttpResponseCodec.java:133)\r\n\tat org.openqa.selenium.remote.codec.w3c.W3CHttpResponseCodec.decode(W3CHttpResponseCodec.java:53)\r\n\tat org.openqa.selenium.remote.HttpCommandExecutor.execute(HttpCommandExecutor.java:184)\r\n\tat org.openqa.selenium.remote.service.DriverCommandExecutor.invokeExecute(DriverCommandExecutor.java:167)\r\n\tat org.openqa.selenium.remote.service.DriverCommandExecutor.execute(DriverCommandExecutor.java:142)\r\n\tat org.openqa.selenium.remote.RemoteWebDriver.execute(RemoteWebDriver.java:547)\r\n\tat org.openqa.selenium.remote.RemoteWebDriver.execute(RemoteWebDriver.java:602)\r\n\tat org.openqa.selenium.remote.RemoteWebDriver.execute(RemoteWebDriver.java:606)\r\n\tat org.openqa.selenium.remote.RemoteWebDriver.getScreenshotAs(RemoteWebDriver.java:331)\r\n\tat stepDefinitions.Hooks.AddScreenshot(Hooks.java:42)\r\n","duration":17053200,"status":"failed"},"match":{"location":"stepDefinitions.Hooks.AddScreenshot(io.cucumber.java.Scenario)"}}],"keyword":"Then "}]}],"name":"validate the Forgot Password functionality","description":"","id":"validate-the-forgot-password-functionality","keyword":"Feature","uri":"file:src/test/java/features/ForgotPassword.feature","tags":[]},{"line":1,"elements":[{"start_timestamp":"2022-11-29T05:39:15.120Z","line":102,"name":"Validate all headings and text of button on login page","description":"","id":"validate-the-login-functionality;validate-all-headings-and-text-of-button-on-login-page","after":[{"result":{"duration":3082812200,"status":"passed"},"match":{"location":"stepDefinitions.Hooks.AfterScenario()"}}],"type":"scenario","keyword":"Scenario","steps":[{"result":{"duration":7871000500,"status":"passed"},"line":103,"name":"user is on login page","match":{"location":"stepDefinitions.Login.user_is_on_login_page()"},"after":[{"result":{"status":"passed"},"match":{"location":"stepDefinitions.Hooks.AddScreenshot(io.cucumber.java.Scenario)"}}],"keyword":"Given "},{"result":{"error_message":"org.openqa.selenium.NoSuchElementException: Unable to find element with locator By.xpath: //div//h2\nFor documentation on this error, please visit: https://selenium.dev/exceptions/#no_such_element\nBuild info: version: '4.4.0', revision: 'e5c75ed026a'\nSystem info: host: 'DESKTOP-DTU3KAA', ip: '192.168.1.4', os.name: 'Windows 11', os.arch: 'amd64', os.version: '10.0', java.version: '17.0.2'\nDriver info: driver.version: RemoteWebDriver\r\n\tat org.openqa.selenium.remote.ElementLocation$ElementFinder$2.findElement(ElementLocation.java:165)\r\n\tat org.openqa.selenium.remote.ElementLocation.findElement(ElementLocation.java:60)\r\n\tat org.openqa.selenium.remote.RemoteWebDriver.findElement(RemoteWebDriver.java:365)\r\n\tat org.openqa.selenium.remote.RemoteWebDriver.findElement(RemoteWebDriver.java:357)\r\n\tat pageObjects.Loginpage.validateHeadings(Loginpage.java:137)\r\n\tat stepDefinitions.Login.verify_if_headings_and_text_of_login_button_on_login_page_are_visible_properly(Login.java:180)\r\n\tat ✽.verify if headings and text of login button on login page are visible properly(file:///C:/Users/vasudha/Documents/Work/Memorres/clinimise/src/test/java/features/Login.feature:104)\r\n","duration":38531055600,"status":"failed"},"line":104,"name":"verify if headings and text of login button on login page are visible properly","match":{"location":"stepDefinitions.Login.verify_if_headings_and_text_of_login_button_on_login_page_are_visible_properly()"},"after":[{"result":{"error_message":"org.openqa.selenium.NoSuchWindowException: no such window: target window already closed\nfrom unknown error: web view not found\n  (Session info: chrome=107.0.5304.108)\nBuild info: version: '4.4.0', revision: 'e5c75ed026a'\nSystem info: host: 'DESKTOP-DTU3KAA', ip: '192.168.1.4', os.name: 'Windows 11', os.arch: 'amd64', os.version: '10.0', java.version: '17.0.2'\nDriver info: org.openqa.selenium.chrome.ChromeDriver\nCommand: [c98a837f2d331d34998d20a8fd625b8d, screenshot {}]\nCapabilities {acceptInsecureCerts: false, browserName: chrome, browserVersion: 107.0.5304.108, chrome: {chromedriverVersion: 107.0.5304.62 (1eec40d3a576..., userDataDir: C:\\Users\\vasudha\\AppData\\Lo...}, goog:chromeOptions: {debuggerAddress: localhost:55425}, networkConnectionEnabled: false, pageLoadStrategy: normal, platformName: WINDOWS, proxy: Proxy(), se:cdp: ws://localhost:55425/devtoo..., se:cdpVersion: 107.0.5304.108, setWindowRect: true, strictFileInteractability: false, timeouts: {implicit: 0, pageLoad: 300000, script: 30000}, unhandledPromptBehavior: dismiss and notify, webauthn:extension:credBlob: true, webauthn:extension:largeBlob: true, webauthn:virtualAuthenticators: true}\nSession ID: c98a837f2d331d34998d20a8fd625b8d\r\n\tat java.base/jdk.internal.reflect.NativeConstructorAccessorImpl.newInstance0(Native Method)\r\n\tat java.base/jdk.internal.reflect.NativeConstructorAccessorImpl.newInstance(NativeConstructorAccessorImpl.java:77)\r\n\tat java.base/jdk.internal.reflect.DelegatingConstructorAccessorImpl.newInstance(DelegatingConstructorAccessorImpl.java:45)\r\n\tat java.base/java.lang.reflect.Constructor.newInstanceWithCaller(Constructor.java:499)\r\n\tat java.base/java.lang.reflect.Constructor.newInstance(Constructor.java:480)\r\n\tat org.openqa.selenium.remote.codec.w3c.W3CHttpResponseCodec.createException(W3CHttpResponseCodec.java:200)\r\n\tat org.openqa.selenium.remote.codec.w3c.W3CHttpResponseCodec.decode(W3CHttpResponseCodec.java:133)\r\n\tat org.openqa.selenium.remote.codec.w3c.W3CHttpResponseCodec.decode(W3CHttpResponseCodec.java:53)\r\n\tat org.openqa.selenium.remote.HttpCommandExecutor.execute(HttpCommandExecutor.java:184)\r\n\tat org.openqa.selenium.remote.service.DriverCommandExecutor.invokeExecute(DriverCommandExecutor.java:167)\r\n\tat org.openqa.selenium.remote.service.DriverCommandExecutor.execute(DriverCommandExecutor.java:142)\r\n\tat org.openqa.selenium.remote.RemoteWebDriver.execute(RemoteWebDriver.java:547)\r\n\tat org.openqa.selenium.remote.RemoteWebDriver.execute(RemoteWebDriver.java:602)\r\n\tat org.openqa.selenium.remote.RemoteWebDriver.execute(RemoteWebDriver.java:606)\r\n\tat org.openqa.selenium.remote.RemoteWebDriver.getScreenshotAs(RemoteWebDriver.java:331)\r\n\tat stepDefinitions.Hooks.AddScreenshot(Hooks.java:42)\r\n","duration":14076900,"status":"failed"},"match":{"location":"stepDefinitions.Hooks.AddScreenshot(io.cucumber.java.Scenario)"}}],"keyword":"Then "}]}],"name":"validate the login functionality","description":"","id":"validate-the-login-functionality","keyword":"Feature","uri":"file:src/test/java/features/Login.feature","tags":[]}]